# JRE version: OpenJDK Runtime Environment (8.0_202-b03) (build 1.8.0_202-release-1483-b03)
# Java VM: OpenJDK 64-Bit Server VM (25.202-b03 mixed mode windows-amd64 compressed oops)
Heap:
 PSYoungGen      total 192512K, used 189335K [0x00000000e0000000, 0x00000000edc00000, 0x0000000100000000)
  eden space 175104K, 100% used [0x00000000e0000000,0x00000000eab00000,0x00000000eab00000)
  from space 17408K, 81% used [0x00000000ecb00000,0x00000000ed8e5e98,0x00000000edc00000)
  to   space 25088K, 42% used [0x00000000eab00000,0x00000000eb5844b0,0x00000000ec380000)
 ParOldGen       total 130560K, used 60549K [0x00000000a0000000, 0x00000000a7f80000, 0x00000000e0000000)
  object space 130560K, 46% used [0x00000000a0000000,0x00000000a3b214f8,0x00000000a7f80000)
 Metaspace       used 85501K, capacity 88520K, committed 88792K, reserved 1126400K
  class space    used 10990K, capacity 11721K, committed 11776K, reserved 1048576K
GC Heap History (10 events):
Event: 22.553 GC heap after
Heap after GC invocations=13 (full 2):
 PSYoungGen      total 173056K, used 14318K [0x00000000e0000000, 0x00000000edf00000, 0x0000000100000000)
  eden space 158720K, 0% used [0x00000000e0000000,0x00000000e0000000,0x00000000e9b00000)
  from space 14336K, 99% used [0x00000000e9b00000,0x00000000ea8fba80,0x00000000ea900000)
  to   space 19456K, 0% used [0x00000000ecc00000,0x00000000ecc00000,0x00000000edf00000)
 ParOldGen       total 82944K, used 29487K [0x00000000a0000000, 0x00000000a5100000, 0x00000000e0000000)
  object space 82944K, 35% used [0x00000000a0000000,0x00000000a1ccbed8,0x00000000a5100000)
 Metaspace       used 57481K, capacity 58938K, committed 59028K, reserved 1099776K
  class space    used 7755K, capacity 8159K, committed 8192K, reserved 1048576K
}
Event: 22.553 GC heap before
{Heap before GC invocations=14 (full 3):
 PSYoungGen      total 173056K, used 14318K [0x00000000e0000000, 0x00000000edf00000, 0x0000000100000000)
  eden space 158720K, 0% used [0x00000000e0000000,0x00000000e0000000,0x00000000e9b00000)
  from space 14336K, 99% used [0x00000000e9b00000,0x00000000ea8fba80,0x00000000ea900000)
  to   space 19456K, 0% used [0x00000000ecc00000,0x00000000ecc00000,0x00000000edf00000)
 ParOldGen       total 82944K, used 29487K [0x00000000a0000000, 0x00000000a5100000, 0x00000000e0000000)
  object space 82944K, 35% used [0x00000000a0000000,0x00000000a1ccbed8,0x00000000a5100000)
 Metaspace       used 57481K, capacity 58938K, committed 59028K, reserved 1099776K
  class space    used 7755K, capacity 8159K, committed 8192K, reserved 1048576K
Event: 22.806 GC heap after
Heap after GC invocations=14 (full 3):
 PSYoungGen      total 173056K, used 0K [0x00000000e0000000, 0x00000000edf00000, 0x0000000100000000)
  eden space 158720K, 0% used [0x00000000e0000000,0x00000000e0000000,0x00000000e9b00000)
  from space 14336K, 0% used [0x00000000e9b00000,0x00000000e9b00000,0x00000000ea900000)
  to   space 19456K, 0% used [0x00000000ecc00000,0x00000000ecc00000,0x00000000edf00000)
 ParOldGen       total 130560K, used 38096K [0x00000000a0000000, 0x00000000a7f80000, 0x00000000e0000000)
  object space 130560K, 29% used [0x00000000a0000000,0x00000000a25343b0,0x00000000a7f80000)
 Metaspace       used 57481K, capacity 58938K, committed 59028K, reserved 1099776K
  class space    used 7755K, capacity 8159K, committed 8192K, reserved 1048576K
}
Event: 35.215 GC heap before
{Heap before GC invocations=15 (full 3):
 PSYoungGen      total 173056K, used 158720K [0x00000000e0000000, 0x00000000edf00000, 0x0000000100000000)
  eden space 158720K, 100% used [0x00000000e0000000,0x00000000e9b00000,0x00000000e9b00000)
  from space 14336K, 0% used [0x00000000e9b00000,0x00000000e9b00000,0x00000000ea900000)
  to   space 19456K, 0% used [0x00000000ecc00000,0x00000000ecc00000,0x00000000edf00000)
 ParOldGen       total 130560K, used 38096K [0x00000000a0000000, 0x00000000a7f80000, 0x00000000e0000000)
  object space 130560K, 29% used [0x00000000a0000000,0x00000000a25343b0,0x00000000a7f80000)
 Metaspace       used 64633K, capacity 66538K, committed 66648K, reserved 1105920K
  class space    used 8709K, capacity 9241K, committed 9344K, reserved 1048576K
Event: 35.242 GC heap after
Heap after GC invocations=15 (full 3):
 PSYoungGen      total 206848K, used 15234K [0x00000000e0000000, 0x00000000edf00000, 0x0000000100000000)
  eden space 187392K, 0% used [0x00000000e0000000,0x00000000e0000000,0x00000000eb700000)
  from space 19456K, 78% used [0x00000000ecc00000,0x00000000edae0980,0x00000000edf00000)
  to   space 20480K, 0% used [0x00000000eb700000,0x00000000eb700000,0x00000000ecb00000)
 ParOldGen       total 130560K, used 38104K [0x00000000a0000000, 0x00000000a7f80000, 0x00000000e0000000)
  object space 130560K, 29% used [0x00000000a0000000,0x00000000a25363b0,0x00000000a7f80000)
 Metaspace       used 64633K, capacity 66538K, committed 66648K, reserved 1105920K
  class space    used 8709K, capacity 9241K, committed 9344K, reserved 1048576K
}
Event: 5744.706 GC heap before
{Heap before GC invocations=16 (full 3):
 PSYoungGen      total 206848K, used 202626K [0x00000000e0000000, 0x00000000edf00000, 0x0000000100000000)
  eden space 187392K, 100% used [0x00000000e0000000,0x00000000eb700000,0x00000000eb700000)
  from space 19456K, 78% used [0x00000000ecc00000,0x00000000edae0980,0x00000000edf00000)
  to   space 20480K, 0% used [0x00000000eb700000,0x00000000eb700000,0x00000000ecb00000)
 ParOldGen       total 130560K, used 38104K [0x00000000a0000000, 0x00000000a7f80000, 0x00000000e0000000)
  object space 130560K, 29% used [0x00000000a0000000,0x00000000a25363b0,0x00000000a7f80000)
 Metaspace       used 74646K, capacity 76866K, committed 77144K, reserved 1116160K
  class space    used 9704K, capacity 10257K, committed 10368K, reserved 1048576K
Event: 5744.840 GC heap after
Heap after GC invocations=16 (full 3):
 PSYoungGen      total 201728K, used 20452K [0x00000000e0000000, 0x00000000ee300000, 0x0000000100000000)
  eden space 181248K, 0% used [0x00000000e0000000,0x00000000e0000000,0x00000000eb100000)
  from space 20480K, 99% used [0x00000000eb700000,0x00000000ecaf9130,0x00000000ecb00000)
  to   space 24576K, 0% used [0x00000000ecb00000,0x00000000ecb00000,0x00000000ee300000)
 ParOldGen       total 130560K, used 44399K [0x00000000a0000000, 0x00000000a7f80000, 0x00000000e0000000)
  object space 130560K, 34% used [0x00000000a0000000,0x00000000a2b5bc50,0x00000000a7f80000)
 Metaspace       used 74646K, capacity 76866K, committed 77144K, reserved 1116160K
  class space    used 9704K, capacity 10257K, committed 10368K, reserved 1048576K
}
Event: 7099.489 GC heap before
{Heap before GC invocations=17 (full 3):
 PSYoungGen      total 201728K, used 201700K [0x00000000e0000000, 0x00000000ee300000, 0x0000000100000000)
  eden space 181248K, 100% used [0x00000000e0000000,0x00000000eb100000,0x00000000eb100000)
  from space 20480K, 99% used [0x00000000eb700000,0x00000000ecaf9130,0x00000000ecb00000)
  to   space 24576K, 0% used [0x00000000ecb00000,0x00000000ecb00000,0x00000000ee300000)
 ParOldGen       total 130560K, used 44399K [0x00000000a0000000, 0x00000000a7f80000, 0x00000000e0000000)
  object space 130560K, 34% used [0x00000000a0000000,0x00000000a2b5bc50,0x00000000a7f80000)
 Metaspace       used 83924K, capacity 86698K, committed 86744K, reserved 1124352K
  class space    used 10840K, capacity 11498K, committed 11520K, reserved 1048576K
Event: 7099.572 GC heap after
Heap after GC invocations=17 (full 3):
 PSYoungGen      total 192512K, used 14231K [0x00000000e0000000, 0x00000000edc00000, 0x0000000100000000)
  eden space 175104K, 0% used [0x00000000e0000000,0x00000000e0000000,0x00000000eab00000)
  from space 17408K, 81% used [0x00000000ecb00000,0x00000000ed8e5e98,0x00000000edc00000)
  to   space 25088K, 0% used [0x00000000eab00000,0x00000000eab00000,0x00000000ec380000)
 ParOldGen       total 130560K, used 60541K [0x00000000a0000000, 0x00000000a7f80000, 0x00000000e0000000)
  object space 130560K, 46% used [0x00000000a0000000,0x00000000a3b1f4f8,0x00000000a7f80000)
 Metaspace       used 83924K, capacity 86698K, committed 86744K, reserved 1124352K
  class space    used 10840K, capacity 11498K, committed 11520K, reserved 1048576K
}
Event: 9118.393 GC heap before
{Heap before GC invocations=18 (full 3):
 PSYoungGen      total 192512K, used 189335K [0x00000000e0000000, 0x00000000edc00000, 0x0000000100000000)
  eden space 175104K, 100% used [0x00000000e0000000,0x00000000eab00000,0x00000000eab00000)
  from space 17408K, 81% used [0x00000000ecb00000,0x00000000ed8e5e98,0x00000000edc00000)
  to   space 25088K, 0% used [0x00000000eab00000,0x00000000eab00000,0x00000000ec380000)
 ParOldGen       total 130560K, used 60541K [0x00000000a0000000, 0x00000000a7f80000, 0x00000000e0000000)
  object space 130560K, 46% used [0x00000000a0000000,0x00000000a3b1f4f8,0x00000000a7f80000)
 Metaspace       used 85501K, capacity 88520K, committed 88792K, reserved 1126400K
  class space    used 10990K, capacity 11721K, committed 11776K, reserved 1048576K

